Flow report for FFT
Mon Apr 20 09:29:58 2026
Quartus Prime Version 25.3.1 Build 100 12/19/2025 SC Pro Edition


---------------------
; Table of Contents ;
---------------------
  1. Flow Summary
  2. Flow Settings
  3. Flow Non-Default Global Settings
  4. Flow Elapsed Time
  5. Flow OS Summary
  6. Flow Log
  7. Legal Notice



+------------------------------------------------------------------------------+
; Flow Summary                                                                 ;
+---------------------------------+--------------------------------------------+
; Flow Status                     ; Successful - Mon Apr 20 09:29:58 2026      ;
; Quartus Prime Version           ; 25.3.1 Build 100 12/19/2025 SC Pro Edition ;
; Revision Name                   ; FFT                                        ;
; Top-level Entity Name           ; FFT                                        ;
; Family                          ; Agilex 5                                   ;
; Device                          ; A5ED013BB32AE4SCS                          ;
; Timing Models                   ; Final                                      ;
; Power Models                    ; Final                                      ;
; Device Status                   ; Final                                      ;
; Logic utilization (in ALMs)     ; 6,736 / 46,800 ( 14 % )                    ;
; Total dedicated logic registers ; 4142                                       ;
; Total pins                      ; 133 / 414 ( 32 % )                         ;
; Total block memory bits         ; 1,051,008 / 7,331,840 ( 14 % )             ;
; Total RAM Blocks                ; 113 / 358 ( 32 % )                         ;
; Total DSP Blocks                ; 69 / 188 ( 37 % )                          ;
; Total GTS Transceiver Channels  ; 0 / 4 ( 0 % )                              ;
; Total HSSI Ethernet Channels    ; 0 / 1 ( 0 % )                              ;
; Total HSSI PCIEs                ; 0 / 1 ( 0 % )                              ;
; Total HSSI HPS                  ; 0 / 1 ( 0 % )                              ;
; Total PLLs                      ; 0 / 11 ( 0 % )                             ;
+---------------------------------+--------------------------------------------+


+-----------------------------------------+
; Flow Settings                           ;
+-------------------+---------------------+
; Option            ; Setting             ;
+-------------------+---------------------+
; Start date & time ; 04/20/2026 09:26:36 ;
; Main task         ; Compilation         ;
; Revision Name     ; FFT                 ;
+-------------------+---------------------+


+-----------------------------------------------------------------------------------------------------------------------------------------+
; Flow Non-Default Global Settings                                                                                                        ;
+----------------------------+----------------------------------------------+------------------------------+-------------+----------------+
; Assignment Name            ; Value                                        ; Default Value                ; Entity Name ; Section Id     ;
+----------------------------+----------------------------------------------+------------------------------+-------------+----------------+
; COMPILER_SIGNATURE_ID      ; 49410874774547.177666999726989               ; --                           ; --          ; --             ;
; EDA_OUTPUT_DATA_FORMAT     ; Vhdl                                         ; --                           ; --          ; eda_simulation ;
; EDA_SIMULATION_TOOL        ; Questa Altera FPGA (VHDL)                    ; Questa Altera FPGA (Verilog) ; --          ; --             ;
; EDA_TIME_SCALE             ; 1 ps                                         ; --                           ; --          ; eda_simulation ;
; MAX_CORE_JUNCTION_TEMP     ; 100                                          ; --                           ; --          ; --             ;
; MIN_CORE_JUNCTION_TEMP     ; 0                                            ; --                           ; --          ; --             ;
; POWER_APPLY_THERMAL_MARGIN ; ADDITIONAL                                   ; Off                          ; --          ; --             ;
; PROJECT_OUTPUT_DIRECTORY   ; /home/hannah/Documents/VHDL-FFT/output_files ; --                           ; --          ; --             ;
+----------------------------+----------------------------------------------+------------------------------+-------------+----------------+


+------------------------------------------------------+
; Flow Elapsed Time                                    ;
+-----------------+--------------+---------------------+
; Module Name     ; Elapsed Time ; Peak Virtual Memory ;
+-----------------+--------------+---------------------+
; Synthesis       ; 00:00:17     ; 2338 MB             ;
; Fitter          ; 00:02:48     ; 7867 MB             ;
; Timing Analyzer ; 00:00:06     ; 2740 MB             ;
; Assembler       ; 00:00:05     ; 2329 MB             ;
; Total           ; 00:03:16     ; --                  ;
+-----------------+--------------+---------------------+


+----------------------------------------------------------------------------------+
; Flow OS Summary                                                                  ;
+-----------------+------------------+---------------+------------+----------------+
; Module Name     ; Machine Hostname ; OS Name       ; OS Version ; Processor type ;
+-----------------+------------------+---------------+------------+----------------+
; Synthesis       ; saturn           ; CachyOS Linux ; --         ; x86_64         ;
; Fitter          ; saturn           ; CachyOS Linux ; --         ; x86_64         ;
; Timing Analyzer ; saturn           ; CachyOS Linux ; --         ; x86_64         ;
; Assembler       ; saturn           ; CachyOS Linux ; --         ; x86_64         ;
+-----------------+------------------+---------------+------------+----------------+


------------
; Flow Log ;
------------
quartus_syn --read_settings_files=on --write_settings_files=off FFT -c FFT
quartus_fit --read_settings_files=on --write_settings_files=off FFT -c FFT
quartus_sta FFT -c FFT --mode=finalize
quartus_asm --read_settings_files=on --write_settings_files=off FFT -c FFT



----------------
; Legal Notice ;
----------------
Copyright (C) 2025  Altera Corporation. All rights reserved.
Your use of Altera Corporation's design tools, logic functions 
and other software and tools, and any partner logic 
functions, and any output files from any of the foregoing 
(including device programming or simulation files), and any 
associated documentation or information are expressly subject 
to the terms and conditions of the Altera Program License 
Subscription Agreement, the Altera Quartus Prime License Agreement,
the Altera IP License Agreement, or other applicable license
agreement, including, without limitation, that your use is for
the sole purpose of programming logic devices manufactured by
Altera and sold by Altera or its authorized distributors.  Please
refer to the Altera Software License Subscription Agreements 
on the Quartus Prime software download page.



