Logic Generation Report
Mon Apr 20 09:26:34 2026
Quartus Prime Version 25.3.1 Build 100 12/19/2025 SC Pro Edition


---------------------
; Table of Contents ;
---------------------
  1. Flow Summary
  2. Flow Settings
  3. Flow Non-Default Global Settings
  4. Flow Elapsed Time
  5. Flow OS Summary
  6. Flow Log
  7. Legal Notice
  8. Settings
  9. Generation Stages
 10. Logic Generation Tool Settings
 11. Logic Generation Tool Detected IP Report
 12. Logic Generation Tool Dual Simplex User Assignment Report
 13. Logic Generation Tool Dual Simplex IP Configuration Report
 14. Logic Generation Tool Dual Simplex IP Report
 15. Logic Generation Tool Dynamic Reconfiguration User Assignment Report
 16. Logic Generation Tool Dynamic Reconfiguration IP Configuration Report
 17. Logic Generation Tool Dynamic Reconfiguration IP Report
 18. Flow Messages
 19. Flow Suppressed Messages



+------------------------------------------------------------------------------+
; Flow Summary                                                                 ;
+---------------------------------+--------------------------------------------+
; Flow Status                     ; Successful - Mon Apr 20 09:26:33 2026      ;
; Quartus Prime Version           ; 25.3.1 Build 100 12/19/2025 SC Pro Edition ;
; Revision Name                   ; FFT                                        ;
; Top-level Entity Name           ; FFT                                        ;
; Family                          ; Agilex 5                                   ;
; Device                          ; A5ED013BB32AE4SCS                          ;
; Timing Models                   ; Final                                      ;
; Power Models                    ; Final                                      ;
; Device Status                   ; Final                                      ;
; Logic utilization (in ALMs)     ; 6,716 / 46,800 ( 14 % )                    ;
; Total dedicated logic registers ; 4141                                       ;
; Total pins                      ; 133 / 414 ( 32 % )                         ;
; Total block memory bits         ; 1,051,008 / 7,331,840 ( 14 % )             ;
; Total RAM Blocks                ; 113 / 358 ( 32 % )                         ;
; Total DSP Blocks                ; 69 / 188 ( 37 % )                          ;
; Total GTS Transceiver Channels  ; 0 / 4 ( 0 % )                              ;
; Total HSSI Ethernet Channels    ; 0 / 1 ( 0 % )                              ;
; Total HSSI PCIEs                ; 0 / 1 ( 0 % )                              ;
; Total HSSI HPS                  ; 0 / 1 ( 0 % )                              ;
; Total PLLs                      ; 0 / 11 ( 0 % )                             ;
+---------------------------------+--------------------------------------------+


+-----------------------------------------+
; Flow Settings                           ;
+-------------------+---------------------+
; Option            ; Setting             ;
+-------------------+---------------------+
; Start date & time ; 04/20/2026 09:20:56 ;
; Main task         ; Compilation         ;
; Revision Name     ; FFT                 ;
+-------------------+---------------------+


+---------------------------------------------------------------------------------------------------------------------------------------+
; Flow Non-Default Global Settings                                                                                                      ;
+--------------------------+----------------------------------------------+------------------------------+-------------+----------------+
; Assignment Name          ; Value                                        ; Default Value                ; Entity Name ; Section Id     ;
+--------------------------+----------------------------------------------+------------------------------+-------------+----------------+
; COMPILER_SIGNATURE_ID    ; 49410874774547.177666965624995               ; --                           ; --          ; --             ;
; EDA_OUTPUT_DATA_FORMAT   ; Vhdl                                         ; --                           ; --          ; eda_simulation ;
; EDA_SIMULATION_TOOL      ; Questa Altera FPGA (VHDL)                    ; Questa Altera FPGA (Verilog) ; --          ; --             ;
; EDA_TIME_SCALE           ; 1 ps                                         ; --                           ; --          ; eda_simulation ;
; MAX_CORE_JUNCTION_TEMP   ; 100                                          ; --                           ; --          ; --             ;
; MIN_CORE_JUNCTION_TEMP   ; 0                                            ; --                           ; --          ; --             ;
; PROJECT_OUTPUT_DIRECTORY ; /home/hannah/Documents/VHDL-FFT/output_files ; --                           ; --          ; --             ;
+--------------------------+----------------------------------------------+------------------------------+-------------+----------------+


+------------------------------------------------------------+
; Flow Elapsed Time                                          ;
+-----------------------+--------------+---------------------+
; Module Name           ; Elapsed Time ; Peak Virtual Memory ;
+-----------------------+--------------+---------------------+
; Synthesis             ; 00:00:19     ; 2341 MB             ;
; Fitter                ; 00:03:53     ; 7722 MB             ;
; Timing Analyzer       ; 00:00:12     ; 2727 MB             ;
; Assembler             ; 00:00:04     ; 2331 MB             ;
; Logic Generation Tool ; 00:00:00     ; 1175 MB             ;
; Logic Generation Tool ; 00:00:00     ; 1175 MB             ;
; Total                 ; 00:04:28     ; --                  ;
+-----------------------+--------------+---------------------+


+----------------------------------------------------------------------------------------+
; Flow OS Summary                                                                        ;
+-----------------------+------------------+---------------+------------+----------------+
; Module Name           ; Machine Hostname ; OS Name       ; OS Version ; Processor type ;
+-----------------------+------------------+---------------+------------+----------------+
; Synthesis             ; saturn           ; CachyOS Linux ; --         ; x86_64         ;
; Fitter                ; saturn           ; CachyOS Linux ; --         ; x86_64         ;
; Timing Analyzer       ; saturn           ; CachyOS Linux ; --         ; x86_64         ;
; Assembler             ; saturn           ; CachyOS Linux ; --         ; x86_64         ;
; Logic Generation Tool ; saturn           ; CachyOS Linux ; --         ; x86_64         ;
; Logic Generation Tool ; saturn           ; CachyOS Linux ; --         ; x86_64         ;
+-----------------------+------------------+---------------+------------+----------------+


------------
; Flow Log ;
------------
quartus_syn --read_settings_files=on --write_settings_files=off FFT -c FFT
quartus_fit --read_settings_files=on --write_settings_files=off FFT -c FFT
quartus_sta FFT -c FFT --mode=finalize
quartus_asm --read_settings_files=on --write_settings_files=off FFT -c FFT
quartus_tlg --tool=hssi_support_logic --read_settings_files=on --write_settings_files=off --skip_quick_elaboration FFT -c FFT
quartus_tlg --tool=hssi_support_logic --read_settings_files=on --write_settings_files=off --skip_quick_elaboration FFT -c FFT



----------------
; Legal Notice ;
----------------
Copyright (C) 2025  Altera Corporation. All rights reserved.
Your use of Altera Corporation's design tools, logic functions 
and other software and tools, and any partner logic 
functions, and any output files from any of the foregoing 
(including device programming or simulation files), and any 
associated documentation or information are expressly subject 
to the terms and conditions of the Altera Program License 
Subscription Agreement, the Altera Quartus Prime License Agreement,
the Altera IP License Agreement, or other applicable license
agreement, including, without limitation, that your use is for
the sole purpose of programming logic devices manufactured by
Altera and sold by Altera or its authorized distributors.  Please
refer to the Altera Software License Subscription Agreements 
on the Quartus Prime software download page.



+-----------------------------------------------+
; Settings                                      ;
+------------------------+----------------------+
; Option                 ; Setting              ;
+------------------------+----------------------+
; IP Regeneration Policy ; Never Regenerate IPs ;
; Generation Skipped     ; Yes                  ;
+------------------------+----------------------+


+------------------------------------+
; Generation Stages                  ;
+-----------------+------------------+
; Stage           ; Elapsed Time (s) ;
+-----------------+------------------+
; Qsys Validation ; 0                ;
; Qsys Generation ; 0                ;
+-----------------+------------------+


+------------------------------------------------------------------------------------------------------+
; Logic Generation Tool Settings                                                                       ;
+------------------------------------------------------------------+-------------------+---------------+
; Option                                                           ; Setting           ; Default Value ;
+------------------------------------------------------------------+-------------------+---------------+
; Device                                                           ; A5ED013BB32AE4SCS ;               ;
; Maximum number of parallel out-of-context synthesis jobs         ; Auto              ; Auto          ;
; Enable parallel Assembler and Timing Analyzer during compilation ; On                ; On            ;
; Enable compact report table                                      ; Off               ; Off           ;
; Design Assistant include IP blocks                               ; Off               ; Off           ;
; High fanout net threshold for RAM inference                      ; 15                ; 15            ;
; Design Assistant limit on reported violations per rule           ; 5000              ; 5000          ;
+------------------------------------------------------------------+-------------------+---------------+


+--------------------------------+
; Logic Generation Tool Messages ;
+--------------------------------+
Info: *******************************************************************
Info: Running Quartus Prime Logic Generation Tool
    Info: Version 25.3.1 Build 100 12/19/2025 SC Pro Edition
    Info: Processing started: Mon Apr 20 09:26:33 2026
    Info: System process ID: 26985
Info: Command: quartus_tlg --tool=hssi_support_logic --read_settings_files=on --write_settings_files=off --skip_quick_elaboration FFT -c FFT
Info: Loading /home/hannah/altera_pro/25.3.1/quartus/common/tcl/internal/qtlg_dr_tool_script.tcl
Info: Loading /home/hannah/altera_pro/25.3.1/quartus/common/tcl/internal/qtlg_ds_tool_script.tcl
Info: Loading /home/hannah/altera_pro/25.3.1/quartus/common/tcl/internal/qtlg_hssi_ip_tool_script.tcl
Info: Launching tool main function hssi_support_logictool_main
Info: Quartus Prime Logic Generation Tool was successful. 0 errors, 0 warnings
    Info: Peak virtual memory: 1176 megabytes
    Info: Processing ended: Mon Apr 20 09:26:34 2026
    Info: Elapsed time: 00:00:01
    Info: System process ID: 26985


+---------------------------------------------------------------------------------+
; Logic Generation Tool Detected IP Report                                        ;
+----+--------------------+--------------+---------+----------+-------------------+
; IP ; Number of Channels ; IP Direction ; IP Type ; FEC Used ; Tool(s) Supported ;
+----+--------------------+--------------+---------+----------+-------------------+


+-----------------------------------------------------------+
; Logic Generation Tool Dual Simplex User Assignment Report ;
+--------------+-------+------------------+-----------------+
; QSF Settings ; Value ; Applied Instance ; Applied Group   ;
+--------------+-------+------------------+-----------------+


+-------------------------------------------------------------------------------+
; Logic Generation Tool Dual Simplex IP Configuration Report                    ;
+----------+-------------+------------------+-------------------+---------------+
; DS Group ; Assigned IP ; User IP instance ; Relative Location ; Loopback Mode ;
+----------+-------------+------------------+-------------------+---------------+


+----------------------------------------------------------------------------+
; Logic Generation Tool Dual Simplex IP Report                               ;
+-----------------+------------+--------------+---------+----------+---------+
; Dual Simplex IP ; IP Channel ; IP Direction ; IP Type ; FEC Used ; IP File ;
+-----------------+------------+--------------+---------+----------+---------+


+----------------------------------------------------------------------+
; Logic Generation Tool Dynamic Reconfiguration User Assignment Report ;
+--------------+-------+------------------+----------------------------+
; QSF Settings ; Value ; Applied Instance ; Applied Group              ;
+--------------+-------+------------------+----------------------------+


+-----------------------------------------------------------------------+
; Logic Generation Tool Dynamic Reconfiguration IP Configuration Report ;
+----------+-------------+------------------+---------------------------+
; DR Group ; Assigned IP ; User IP instance ; Relative Location         ;
+----------+-------------+------------------+---------------------------+


+-----------------------------------------------------------------------------------------------------------------------+
; Logic Generation Tool Dynamic Reconfiguration IP Report                                                               ;
+---------+--------------------+--------------+-----------+-----------+-----------------+----------+--------------------+
; IP Name ; Number of channels ; Combinations ; MIF Depth ; MIF Width ; Generation Mode ; MIF File ; Instantiation File ;
+---------+--------------------+--------------+-----------+-----------+-----------------+----------+--------------------+


+---------------+
; Flow Messages ;
+---------------+
Can't read Quartus Prime message file /home/hannah/Documents/VHDL-FFT/qdb/_compiler/FFT/_flat/25.3.1/legacy/1/Flow Messages are not contained in a QMSG file..
Make sure the file exists and is up to date, and you have permission to read and write the file.
Info: *******************************************************************
Info: Running Quartus Prime Logic Generation Tool
    Info: Version 25.3.1 Build 100 12/19/2025 SC Pro Edition
    Info: Processing started: Mon Apr 20 09:26:33 2026
    Info: System process ID: 26985
Info: Command: quartus_tlg --tool=hssi_support_logic --read_settings_files=on --write_settings_files=off --skip_quick_elaboration FFT -c FFT
Info: Loading /home/hannah/altera_pro/25.3.1/quartus/common/tcl/internal/qtlg_dr_tool_script.tcl
Info: Loading /home/hannah/altera_pro/25.3.1/quartus/common/tcl/internal/qtlg_ds_tool_script.tcl
Info: Loading /home/hannah/altera_pro/25.3.1/quartus/common/tcl/internal/qtlg_hssi_ip_tool_script.tcl
Info: Launching tool main function hssi_support_logictool_main
Info: Quartus Prime Logic Generation Tool was successful. 0 errors, 0 warnings
    Info: Peak virtual memory: 1176 megabytes
    Info: Processing ended: Mon Apr 20 09:26:34 2026
    Info: Elapsed time: 00:00:01
    Info: System process ID: 26985


+--------------------------+
; Flow Suppressed Messages ;
+--------------------------+
Please use Quartus Prime to view the suppressed messages.


