IP Generation Report
Mon Apr 20 09:26:31 2026
Quartus Prime Version 25.3.1 Build 100 12/19/2025 SC Pro Edition


---------------------
; Table of Contents ;
---------------------
  1. Settings
  2. Generation Stages



+-----------------------------------------------+
; Settings                                      ;
+------------------------+----------------------+
; Option                 ; Setting              ;
+------------------------+----------------------+
; IP Regeneration Policy ; Never Regenerate IPs ;
; Generation Skipped     ; Yes                  ;
+------------------------+----------------------+


+------------------------------------+
; Generation Stages                  ;
+-----------------+------------------+
; Stage           ; Elapsed Time (s) ;
+-----------------+------------------+
; Qsys Validation ; 0                ;
; Qsys Generation ; 0                ;
+-----------------+------------------+


